# JRE version: OpenJDK Runtime Environment (17.0.10) (build 17.0.10+0--11572160)
# Java VM: OpenJDK 64-Bit Server VM (17.0.10+0--11572160, mixed mode, tiered, compressed oops, compressed class ptrs, g1 gc, windows-amd64)
GC Precious Log:
 CPUs: 4 total, 4 available
 Memory: 8094M
 Large Page Support: Disabled
 NUMA Support: Disabled
 Compressed Oops: Enabled (32-bit)
 Heap Region Size: 1M
 Heap Min Capacity: 8M
 Heap Initial Capacity: 128M
 Heap Max Capacity: 2G
 Pre-touch: Disabled
 Parallel Workers: 4
 Concurrent Workers: 1
 Concurrent Refinement Workers: 4
 Periodic GC: Disabled
Heap:
 garbage-first heap   total 68608K, used 56466K [0x0000000080000000, 0x0000000100000000)
  region size 1024K, 23 young (23552K), 3 survivors (3072K)
 Metaspace       used 55298K, committed 55744K, reserved 1114112K
  class space    used 7636K, committed 7872K, reserved 1048576K
GC Heap History (20 events):
Event: 4.690 GC heap before
{Heap before GC invocations=7 (full 0):
 garbage-first heap   total 68608K, used 49595K [0x0000000080000000, 0x0000000100000000)
  region size 1024K, 29 young (29696K), 1 survivors (1024K)
 Metaspace       used 30293K, committed 30592K, reserved 1114112K
  class space    used 4067K, committed 4224K, reserved 1048576K
}
Event: 4.693 GC heap after
{Heap after GC invocations=8 (full 0):
 garbage-first heap   total 68608K, used 22257K [0x0000000080000000, 0x0000000100000000)
  region size 1024K, 2 young (2048K), 2 survivors (2048K)
 Metaspace       used 30293K, committed 30592K, reserved 1114112K
  class space    used 4067K, committed 4224K, reserved 1048576K
}
Event: 6.400 GC heap before
{Heap before GC invocations=8 (full 0):
 garbage-first heap   total 68608K, used 49905K [0x0000000080000000, 0x0000000100000000)
  region size 1024K, 30 young (30720K), 2 survivors (2048K)
 Metaspace       used 33774K, committed 34112K, reserved 1114112K
  class space    used 4627K, committed 4800K, reserved 1048576K
}
Event: 6.403 GC heap after
{Heap after GC invocations=9 (full 0):
 garbage-first heap   total 68608K, used 23468K [0x0000000080000000, 0x0000000100000000)
  region size 1024K, 3 young (3072K), 3 survivors (3072K)
 Metaspace       used 33774K, committed 34112K, reserved 1114112K
  class space    used 4627K, committed 4800K, reserved 1048576K
}
Event: 7.878 GC heap before
{Heap before GC invocations=9 (full 0):
 garbage-first heap   total 68608K, used 31660K [0x0000000080000000, 0x0000000100000000)
  region size 1024K, 13 young (13312K), 3 survivors (3072K)
 Metaspace       used 35664K, committed 35968K, reserved 1114112K
  class space    used 4881K, committed 5056K, reserved 1048576K
}
Event: 7.885 GC heap after
{Heap after GC invocations=10 (full 0):
 garbage-first heap   total 68608K, used 23898K [0x0000000080000000, 0x0000000100000000)
  region size 1024K, 2 young (2048K), 2 survivors (2048K)
 Metaspace       used 35664K, committed 35968K, reserved 1114112K
  class space    used 4881K, committed 5056K, reserved 1048576K
}
Event: 9.302 GC heap before
{Heap before GC invocations=11 (full 0):
 garbage-first heap   total 68608K, used 52570K [0x0000000080000000, 0x0000000100000000)
  region size 1024K, 31 young (31744K), 2 survivors (2048K)
 Metaspace       used 40904K, committed 41280K, reserved 1114112K
  class space    used 5424K, committed 5568K, reserved 1048576K
}
Event: 9.307 GC heap after
{Heap after GC invocations=12 (full 0):
 garbage-first heap   total 68608K, used 28120K [0x0000000080000000, 0x0000000100000000)
  region size 1024K, 4 young (4096K), 4 survivors (4096K)
 Metaspace       used 40904K, committed 41280K, reserved 1114112K
  class space    used 5424K, committed 5568K, reserved 1048576K
}
Event: 9.316 GC heap before
{Heap before GC invocations=12 (full 0):
 garbage-first heap   total 68608K, used 29144K [0x0000000080000000, 0x0000000100000000)
  region size 1024K, 5 young (5120K), 4 survivors (4096K)
 Metaspace       used 40904K, committed 41280K, reserved 1114112K
  class space    used 5424K, committed 5568K, reserved 1048576K
}
Event: 9.320 GC heap after
{Heap after GC invocations=13 (full 0):
 garbage-first heap   total 68608K, used 28435K [0x0000000080000000, 0x0000000100000000)
  region size 1024K, 1 young (1024K), 1 survivors (1024K)
 Metaspace       used 40904K, committed 41280K, reserved 1114112K
  class space    used 5424K, committed 5568K, reserved 1048576K
}
Event: 10.703 GC heap before
{Heap before GC invocations=13 (full 0):
 garbage-first heap   total 68608K, used 53011K [0x0000000080000000, 0x0000000100000000)
  region size 1024K, 25 young (25600K), 1 survivors (1024K)
 Metaspace       used 42009K, committed 42368K, reserved 1114112K
  class space    used 5604K, committed 5760K, reserved 1048576K
}
Event: 10.706 GC heap after
{Heap after GC invocations=14 (full 0):
 garbage-first heap   total 68608K, used 29424K [0x0000000080000000, 0x0000000100000000)
  region size 1024K, 2 young (2048K), 2 survivors (2048K)
 Metaspace       used 42009K, committed 42368K, reserved 1114112K
  class space    used 5604K, committed 5760K, reserved 1048576K
}
Event: 13.090 GC heap before
{Heap before GC invocations=14 (full 0):
 garbage-first heap   total 68608K, used 51952K [0x0000000080000000, 0x0000000100000000)
  region size 1024K, 25 young (25600K), 2 survivors (2048K)
 Metaspace       used 44765K, committed 45184K, reserved 1114112K
  class space    used 6046K, committed 6272K, reserved 1048576K
}
Event: 13.093 GC heap after
{Heap after GC invocations=15 (full 0):
 garbage-first heap   total 68608K, used 31232K [0x0000000080000000, 0x0000000100000000)
  region size 1024K, 4 young (4096K), 4 survivors (4096K)
 Metaspace       used 44765K, committed 45184K, reserved 1114112K
  class space    used 6046K, committed 6272K, reserved 1048576K
}
Event: 14.049 GC heap before
{Heap before GC invocations=15 (full 0):
 garbage-first heap   total 68608K, used 53760K [0x0000000080000000, 0x0000000100000000)
  region size 1024K, 26 young (26624K), 4 survivors (4096K)
 Metaspace       used 47456K, committed 47936K, reserved 1114112K
  class space    used 6492K, committed 6720K, reserved 1048576K
}
Event: 14.054 GC heap after
{Heap after GC invocations=16 (full 0):
 garbage-first heap   total 68608K, used 32376K [0x0000000080000000, 0x0000000100000000)
  region size 1024K, 3 young (3072K), 3 survivors (3072K)
 Metaspace       used 47456K, committed 47936K, reserved 1114112K
  class space    used 6492K, committed 6720K, reserved 1048576K
}
Event: 16.388 GC heap before
{Heap before GC invocations=16 (full 0):
 garbage-first heap   total 68608K, used 54904K [0x0000000080000000, 0x0000000100000000)
  region size 1024K, 25 young (25600K), 3 survivors (3072K)
 Metaspace       used 50546K, committed 50944K, reserved 1114112K
  class space    used 6973K, committed 7168K, reserved 1048576K
}
Event: 16.393 GC heap after
{Heap after GC invocations=17 (full 0):
 garbage-first heap   total 68608K, used 33777K [0x0000000080000000, 0x0000000100000000)
  region size 1024K, 3 young (3072K), 3 survivors (3072K)
 Metaspace       used 50546K, committed 50944K, reserved 1114112K
  class space    used 6973K, committed 7168K, reserved 1048576K
}
Event: 17.864 GC heap before
{Heap before GC invocations=17 (full 0):
 garbage-first heap   total 68608K, used 48113K [0x0000000080000000, 0x0000000100000000)
  region size 1024K, 19 young (19456K), 3 survivors (3072K)
 Metaspace       used 52390K, committed 52800K, reserved 1114112K
  class space    used 7277K, committed 7488K, reserved 1048576K
}
Event: 17.869 GC heap after
{Heap after GC invocations=18 (full 0):
 garbage-first heap   total 68608K, used 34962K [0x0000000080000000, 0x0000000100000000)
  region size 1024K, 3 young (3072K), 3 survivors (3072K)
 Metaspace       used 52390K, committed 52800K, reserved 1114112K
  class space    used 7277K, committed 7488K, reserved 1048576K
}

